TN:
SF:isPalindrome.js
FN:3,hello
FN:7,isPalindrome
FNF:2
FNH:1
FNDA:0,hello
FNDA:2,isPalindrome
DA:1,1
DA:4,0
DA:8,2
DA:11,1
LF:4
LH:3
BRF:0
BRH:0
end_of_record
TN:
SF:reverseString.js
FN:1,reverseString
FNF:1
FNH:1
FNDA:3,reverseString
DA:2,3
DA:5,2
LF:2
LH:2
BRF:0
BRH:0
end_of_record
TN:
SF:shallowObjClone.js
FN:1,shallowObjClone
FNF:1
FNH:1
FNDA:1,shallowObjClone
DA:2,1
DA:5,1
LF:2
LH:2
BRF:0
BRH:0
end_of_record
TN:
SF:sum.js
FN:1,sum
FNF:1
FNH:1
FNDA:1,sum
DA:2,1
DA:5,1
LF:2
LH:2
BRF:0
BRH:0
end_of_record
